
         ============================================================
         =                                                          =
         =                        VQEDriver                         =
         =                         v0.0.0                           =
         =                                                          =
         ============================================================
      
         --- Python3 driver for the VQE algorithm on IBM's Qiskit ---
               
         Developed by:
              Quantum Information Group
              School of Chemistry
              Universidad de Costa Rica
              San Jose, Costa Rica
      
      
=============================================================================
Reading input file from file: EXAMPLE.inp
=============================================================================


       *********************        
       *  SCF CALCULATION  *        
       *********************        

---------------------
Cartesian Coordinates
---------------------
                        
  H  0.000  0.000  0.000
  H  0.000  0.000  0.740

---------------------
Basis Set Information
---------------------

H: STO-3G
                             
  Unique basis functions:   3
   TOTAL BASIS FUNCTIONS:   6

------------------------
SCF Calculation Settings
------------------------

Molecule Settings:
                                    
    Hartree-Fock type:           UHF
         Total Charge:             0
         Multiplicity:             1
  Number of Electrons:             2
      Alpha Electrons:             1
       Beta Electrons:             1
    Nuclear Repulsion:   0.715104 Eh

Procedure Settings:
                                    
  Maximum iterations:             50
         Convergence:   1.000e-08 Eh
      Maximum memory:        1000 MB
  One-body Integrals:             16
  Two-body Integrals:            256
    SCF Elapsed Time:        0.073 s

       *********************        
       *  VQE CALCULATION  *        
       *********************        

---------------------
Qubit Operator Setup 
---------------------
                                                   
        Fermionic to Qubit Mapping:   Jordan-Wigner
              Pauli Chop Threshold:       1.000e-06
                  Number of Qubits:               4
           Z2 Symmetries Reduction:           False
  Size (Number of Pauli Operators):              15
        Qubit Mapping Elapsed Time:         0.055 s

Hamiltonian in Pauli Representation: 

IIII	(-0.8121706154421989+0j)
IIIZ	(0.17141282685668452+0j)
IIZI	(-0.22343153259602455+0j)
IZII	(0.17141282685668435+0j)
ZIII	(-0.2234315325960245+0j)
IIZZ	(0.12062523472452732+0j)
IZIZ	(0.1686889820613479+0j)
XXYY	(0.04530261534142704+0j)
YYYY	(0.04530261534142704+0j)
XXXX	(0.04530261534142704+0j)
YYXX	(0.04530261534142704+0j)
ZIIZ	(0.16592785006595434+0j)
IZZI	(0.1659278500659544+0j)
ZIZI	(0.17441287527856786+0j)
ZZII	(0.12062523472452732+0j)

-----------------
VQE Run Settings 
-----------------
                                        
         Optimizer:   Conjugate Gradient
  Variational Form:                  CHC
   Excitation Type:      Singles-Doubles
         Simulator:                 QASM

Warning: Desired error not necessarily achieved due to precision loss.
         Current function value: -1.562823
         Iterations: 2
         Function evaluations: 181
         Gradient evaluations: 34

*******************
* VQE Run Results *
*******************

Optimal Parameters:
                  
  θ[0]:   2.723190
  θ[1]:   2.574582
  θ[2]:   2.201913

Eigenstate:
             
  0101:   687
  0110:    76
  1001:    22
  1010:   239
                                           
                 VQE Result:   -0.847719 Eh
  Cost Function Evaluations:            181
             Optimizer time:        9.095 s
       VQE Run Elapsed Time:        9.780 s
               Exact Result:   -1.137284 Eh
     Exact Run Elapsed Time:        0.009 s
