
         ============================================================
         =                                                          =
         =                        VQEDriver                         =
         =                         v0.0.0                           =
         =                                                          =
         ============================================================
      
         --- Python3 driver for the VQE algorithm on IBM's Qiskit ---
               
         Developed by:
              Quantum Information Group
              School of Chemistry
              Universidad de Costa Rica
              San Jose, Costa Rica
      
      
=============================================================================
Reading input file from file: EXAMPLE.inp
=============================================================================


       *********************        
       *  SCF CALCULATION  *        
       *********************        

---------------------
Cartesian Coordinates
---------------------
                        
  H  0.000  0.000  0.000
  H  0.000  0.000  0.740

---------------------
Basis Set Information
---------------------

H: STO-3G
                             
  Unique basis functions:   3
   TOTAL BASIS FUNCTIONS:   6

------------------------
SCF Calculation Settings
------------------------

Molecule Settings:
                                    
    Hartree-Fock type:           UHF
         Total Charge:             0
         Multiplicity:             1
  Number of Electrons:             2
      Alpha Electrons:             1
       Beta Electrons:             1
    Nuclear Repulsion:   0.715104 Eh

Procedure Settings:
                                    
  Maximum iterations:             50
         Convergence:   1.000e-08 Eh
      Maximum memory:        1000 MB
  One-body Integrals:             16
  Two-body Integrals:            256
    SCF Elapsed Time:        0.484 s

       *********************        
       *  VQE CALCULATION  *        
       *********************        

---------------------
Qubit Operator Setup 
---------------------
                                               
        Fermionic to Qubit Mapping:      Parity
              Pauli Chop Threshold:   1.000e-06
                  Number of Qubits:           4
           Z2 Symmetries Reduction:       False
  Size (Number of Pauli Operators):          15
        Qubit Mapping Elapsed Time:     0.102 s

Hamiltonian in Pauli Representation: 

IIII	(-0.8121706154421989+0j)
IIIZ	(0.17141282685668452+0j)
IIZZ	(-0.22343153259602455+0j)
IZZI	(0.17141282685668435+0j)
ZZII	(-0.2234315325960245+0j)
IIZI	(0.12062523472452732+0j)
IZZZ	(0.1686889820613479+0j)
IXZX	(-0.04530261534142704+0j)
ZXIX	(0.04530261534142704+0j)
IXIX	(0.04530261534142704+0j)
ZXZX	(-0.04530261534142704+0j)
ZZIZ	(0.16592785006595434+0j)
IZIZ	(0.1659278500659544+0j)
ZZZZ	(0.17441287527856786+0j)
ZIZI	(0.12062523472452732+0j)

-----------------
VQE Run Settings 
-----------------
                                        
         Optimizer:   Conjugate Gradient
  Variational Form:                  CHC
   Excitation Type:      Singles-Doubles
         Simulator:                 QASM

Warning: Desired error not necessarily achieved due to precision loss.
         Current function value: -1.346499
         Iterations: 1
         Function evaluations: 142
         Gradient evaluations: 33

*******************
* VQE Run Results *
*******************

Optimal Parameters:
                  
  θ[0]:  -0.596638
  θ[1]:  -2.188907
  θ[2]:  -0.016122

Eigenstate:
             
  0000:    20
  0011:   194
  1100:    68
  1111:   742
                                           
                 VQE Result:   -0.631395 Eh
  Cost Function Evaluations:            142
             Optimizer time:        5.269 s
       VQE Run Elapsed Time:       10.949 s
               Exact Result:   -1.137284 Eh
     Exact Run Elapsed Time:        0.165 s
